mode: set
github.com/Rhyanz46/go-map-validator/test/functions.go:3.70,4.27 1 1
github.com/Rhyanz46/go-map-validator/test/functions.go:4.27,6.3 1 1
github.com/Rhyanz46/go-map-validator/test/functions.go:7.2,7.8 1 1
github.com/Rhyanz46/go-map-validator/test/functions.go:10.64,11.27 1 1
github.com/Rhyanz46/go-map-validator/test/functions.go:11.27,12.17 1 1
github.com/Rhyanz46/go-map-validator/test/functions.go:12.17,14.4 1 1
github.com/Rhyanz46/go-map-validator/test/functions.go:16.2,16.8 1 0
github.com/Rhyanz46/go-map-validator/map_validator/extra_operations.go:8.60,10.39 2 0
github.com/Rhyanz46/go-map-validator/map_validator/extra_operations.go:10.39,12.3 1 0
github.com/Rhyanz46/go-map-validator/map_validator/extra_operations.go:13.2,56.16 3 0
github.com/Rhyanz46/go-map-validator/map_validator/extra_operations.go:56.16,58.3 1 0
github.com/Rhyanz46/go-map-validator/map_validator/extra_operations.go:59.2,60.16 2 0
github.com/Rhyanz46/go-map-validator/map_validator/extra_operations.go:60.16,62.3 1 0
github.com/Rhyanz46/go-map-validator/map_validator/extra_operations.go:64.2,64.12 1 0
github.com/Rhyanz46/go-map-validator/map_validator/extra_operations.go:67.60,68.33 1 0
github.com/Rhyanz46/go-map-validator/map_validator/extra_operations.go:68.33,70.3 1 0
github.com/Rhyanz46/go-map-validator/map_validator/extra_operations.go:71.2,71.19 1 0
github.com/Rhyanz46/go-map-validator/map_validator/extra_operations.go:74.58,75.31 1 0
github.com/Rhyanz46/go-map-validator/map_validator/extra_operations.go:75.31,77.3 1 0
github.com/Rhyanz46/go-map-validator/map_validator/extra_operations.go:78.2,78.19 1 0
github.com/Rhyanz46/go-map-validator/map_validator/extra_operations.go:81.67,83.2 1 0
github.com/Rhyanz46/go-map-validator/map_validator/functions.go:17.55,19.2 1 1
github.com/Rhyanz46/go-map-validator/map_validator/functions.go:21.57,23.2 1 0
github.com/Rhyanz46/go-map-validator/map_validator/functions.go:25.49,27.2 1 0
github.com/Rhyanz46/go-map-validator/map_validator/functions.go:29.53,31.2 1 0
github.com/Rhyanz46/go-map-validator/map_validator/functions.go:33.33,35.9 2 1
github.com/Rhyanz46/go-map-validator/map_validator/functions.go:35.9,37.3 1 1
github.com/Rhyanz46/go-map-validator/map_validator/functions.go:38.2,39.11 2 1
github.com/Rhyanz46/go-map-validator/map_validator/functions.go:42.77,43.40 1 1
github.com/Rhyanz46/go-map-validator/map_validator/functions.go:43.40,44.34 1 1
github.com/Rhyanz46/go-map-validator/map_validator/functions.go:44.34,46.4 1 1
github.com/Rhyanz46/go-map-validator/map_validator/functions.go:48.2,48.14 1 1
github.com/Rhyanz46/go-map-validator/map_validator/functions.go:51.34,54.2 2 1
github.com/Rhyanz46/go-map-validator/map_validator/functions.go:56.41,57.21 1 0
github.com/Rhyanz46/go-map-validator/map_validator/functions.go:57.21,59.25 2 0
github.com/Rhyanz46/go-map-validator/map_validator/functions.go:59.25,61.4 1 0
github.com/Rhyanz46/go-map-validator/map_validator/functions.go:63.2,63.14 1 0
github.com/Rhyanz46/go-map-validator/map_validator/functions.go:66.55,70.37 4 0
github.com/Rhyanz46/go-map-validator/map_validator/functions.go:70.37,71.24 1 0
github.com/Rhyanz46/go-map-validator/map_validator/functions.go:71.24,74.4 2 0
github.com/Rhyanz46/go-map-validator/map_validator/functions.go:76.2,76.44 1 0
github.com/Rhyanz46/go-map-validator/map_validator/functions.go:76.44,77.31 1 0
github.com/Rhyanz46/go-map-validator/map_validator/functions.go:77.31,80.4 2 0
github.com/Rhyanz46/go-map-validator/map_validator/functions.go:82.2,82.42 1 0
github.com/Rhyanz46/go-map-validator/map_validator/functions.go:82.42,83.29 1 0
github.com/Rhyanz46/go-map-validator/map_validator/functions.go:83.29,86.4 2 0
github.com/Rhyanz46/go-map-validator/map_validator/functions.go:88.2,88.24 1 0
github.com/Rhyanz46/go-map-validator/map_validator/functions.go:91.123,96.36 2 1
github.com/Rhyanz46/go-map-validator/map_validator/functions.go:96.36,98.3 1 1
github.com/Rhyanz46/go-map-validator/map_validator/functions.go:98.8,98.42 1 1
github.com/Rhyanz46/go-map-validator/map_validator/functions.go:98.42,99.54 1 0
github.com/Rhyanz46/go-map-validator/map_validator/functions.go:99.54,101.4 1 0
github.com/Rhyanz46/go-map-validator/map_validator/functions.go:102.3,102.37 1 0
github.com/Rhyanz46/go-map-validator/map_validator/functions.go:102.37,104.4 1 0
github.com/Rhyanz46/go-map-validator/map_validator/functions.go:105.3,105.18 1 0
github.com/Rhyanz46/go-map-validator/map_validator/functions.go:108.2,108.30 1 1
github.com/Rhyanz46/go-map-validator/map_validator/functions.go:108.30,112.17 4 0
github.com/Rhyanz46/go-map-validator/map_validator/functions.go:112.17,114.4 1 0
github.com/Rhyanz46/go-map-validator/map_validator/functions.go:115.3,116.17 2 0
github.com/Rhyanz46/go-map-validator/map_validator/functions.go:116.17,118.4 1 0
github.com/Rhyanz46/go-map-validator/map_validator/functions.go:119.3,119.18 1 0
github.com/Rhyanz46/go-map-validator/map_validator/functions.go:123.2,135.86 4 1
github.com/Rhyanz46/go-map-validator/map_validator/functions.go:135.86,137.3 1 0
github.com/Rhyanz46/go-map-validator/map_validator/functions.go:139.2,139.71 1 1
github.com/Rhyanz46/go-map-validator/map_validator/functions.go:139.71,140.66 1 1
github.com/Rhyanz46/go-map-validator/map_validator/functions.go:140.66,142.4 1 1
github.com/Rhyanz46/go-map-validator/map_validator/functions.go:143.3,143.48 1 1
github.com/Rhyanz46/go-map-validator/map_validator/functions.go:143.48,149.4 1 0
github.com/Rhyanz46/go-map-validator/map_validator/functions.go:150.3,150.98 1 1
github.com/Rhyanz46/go-map-validator/map_validator/functions.go:153.2,153.20 1 1
github.com/Rhyanz46/go-map-validator/map_validator/functions.go:153.20,156.3 1 0
github.com/Rhyanz46/go-map-validator/map_validator/functions.go:158.2,158.33 1 1
github.com/Rhyanz46/go-map-validator/map_validator/functions.go:158.33,159.33 1 0
github.com/Rhyanz46/go-map-validator/map_validator/functions.go:159.33,160.48 1 0
github.com/Rhyanz46/go-map-validator/map_validator/functions.go:160.48,162.5 1 0
github.com/Rhyanz46/go-map-validator/map_validator/functions.go:163.4,163.72 1 0
github.com/Rhyanz46/go-map-validator/map_validator/functions.go:165.3,166.40 2 0
github.com/Rhyanz46/go-map-validator/map_validator/functions.go:166.40,167.48 1 0
github.com/Rhyanz46/go-map-validator/map_validator/functions.go:167.48,169.5 1 0
github.com/Rhyanz46/go-map-validator/map_validator/functions.go:170.4,170.74 1 0
github.com/Rhyanz46/go-map-validator/map_validator/functions.go:172.3,172.19 1 0
github.com/Rhyanz46/go-map-validator/map_validator/functions.go:175.2,175.27 1 1
github.com/Rhyanz46/go-map-validator/map_validator/functions.go:175.27,177.39 2 1
github.com/Rhyanz46/go-map-validator/map_validator/functions.go:177.39,179.42 2 1
github.com/Rhyanz46/go-map-validator/map_validator/functions.go:179.42,181.5 1 0
github.com/Rhyanz46/go-map-validator/map_validator/functions.go:182.4,182.20 1 1
github.com/Rhyanz46/go-map-validator/map_validator/functions.go:183.21,185.42 2 0
github.com/Rhyanz46/go-map-validator/map_validator/functions.go:185.42,187.6 1 0
github.com/Rhyanz46/go-map-validator/map_validator/functions.go:188.5,188.58 1 0
github.com/Rhyanz46/go-map-validator/map_validator/functions.go:188.58,190.6 1 0
github.com/Rhyanz46/go-map-validator/map_validator/functions.go:191.23,193.42 2 0
github.com/Rhyanz46/go-map-validator/map_validator/functions.go:193.42,195.6 1 0
github.com/Rhyanz46/go-map-validator/map_validator/functions.go:196.5,196.64 1 0
github.com/Rhyanz46/go-map-validator/map_validator/functions.go:196.64,198.6 1 0
github.com/Rhyanz46/go-map-validator/map_validator/functions.go:199.25,201.42 2 0
github.com/Rhyanz46/go-map-validator/map_validator/functions.go:201.42,203.6 1 0
github.com/Rhyanz46/go-map-validator/map_validator/functions.go:204.5,204.70 1 0
github.com/Rhyanz46/go-map-validator/map_validator/functions.go:204.70,206.6 1 0
github.com/Rhyanz46/go-map-validator/map_validator/functions.go:207.24,209.42 2 1
github.com/Rhyanz46/go-map-validator/map_validator/functions.go:209.42,211.6 1 1
github.com/Rhyanz46/go-map-validator/map_validator/functions.go:212.5,212.67 1 1
github.com/Rhyanz46/go-map-validator/map_validator/functions.go:212.67,214.6 1 1
github.com/Rhyanz46/go-map-validator/map_validator/functions.go:215.12,216.59 1 0
github.com/Rhyanz46/go-map-validator/map_validator/functions.go:219.3,219.19 1 1
github.com/Rhyanz46/go-map-validator/map_validator/functions.go:222.2,222.28 1 1
github.com/Rhyanz46/go-map-validator/map_validator/functions.go:222.28,224.3 1 0
github.com/Rhyanz46/go-map-validator/map_validator/functions.go:226.2,226.20 1 1
github.com/Rhyanz46/go-map-validator/map_validator/functions.go:226.20,229.10 3 1
github.com/Rhyanz46/go-map-validator/map_validator/functions.go:229.10,231.4 1 0
github.com/Rhyanz46/go-map-validator/map_validator/functions.go:232.3,233.17 2 1
github.com/Rhyanz46/go-map-validator/map_validator/functions.go:233.17,235.4 1 1
github.com/Rhyanz46/go-map-validator/map_validator/functions.go:236.3,236.29 1 1
github.com/Rhyanz46/go-map-validator/map_validator/functions.go:236.29,238.4 1 0
github.com/Rhyanz46/go-map-validator/map_validator/functions.go:239.3,239.23 1 1
github.com/Rhyanz46/go-map-validator/map_validator/functions.go:242.2,242.21 1 1
github.com/Rhyanz46/go-map-validator/map_validator/functions.go:242.21,243.79 1 1
github.com/Rhyanz46/go-map-validator/map_validator/functions.go:243.79,245.4 1 1
github.com/Rhyanz46/go-map-validator/map_validator/functions.go:248.2,248.20 1 1
github.com/Rhyanz46/go-map-validator/map_validator/functions.go:248.20,251.10 3 1
github.com/Rhyanz46/go-map-validator/map_validator/functions.go:251.10,253.4 1 0
github.com/Rhyanz46/go-map-validator/map_validator/functions.go:254.3,254.29 1 1
github.com/Rhyanz46/go-map-validator/map_validator/functions.go:254.29,256.4 1 1
github.com/Rhyanz46/go-map-validator/map_validator/functions.go:257.3,257.23 1 1
github.com/Rhyanz46/go-map-validator/map_validator/functions.go:260.2,260.27 1 1
github.com/Rhyanz46/go-map-validator/map_validator/functions.go:260.27,263.10 3 0
github.com/Rhyanz46/go-map-validator/map_validator/functions.go:263.10,265.4 1 0
github.com/Rhyanz46/go-map-validator/map_validator/functions.go:266.3,266.36 1 0
github.com/Rhyanz46/go-map-validator/map_validator/functions.go:266.36,268.4 1 0
github.com/Rhyanz46/go-map-validator/map_validator/functions.go:269.3,269.23 1 0
github.com/Rhyanz46/go-map-validator/map_validator/functions.go:272.2,272.34 1 1
github.com/Rhyanz46/go-map-validator/map_validator/functions.go:272.34,275.10 3 0
github.com/Rhyanz46/go-map-validator/map_validator/functions.go:275.10,277.4 1 0
github.com/Rhyanz46/go-map-validator/map_validator/functions.go:278.3,279.23 2 0
github.com/Rhyanz46/go-map-validator/map_validator/functions.go:279.23,281.4 1 0
github.com/Rhyanz46/go-map-validator/map_validator/functions.go:281.9,281.31 1 0
github.com/Rhyanz46/go-map-validator/map_validator/functions.go:281.31,282.32 1 0
github.com/Rhyanz46/go-map-validator/map_validator/functions.go:282.32,284.5 1 0
github.com/Rhyanz46/go-map-validator/map_validator/functions.go:285.4,285.24 1 0
github.com/Rhyanz46/go-map-validator/map_validator/functions.go:286.9,286.31 1 0
github.com/Rhyanz46/go-map-validator/map_validator/functions.go:286.31,287.32 1 0
github.com/Rhyanz46/go-map-validator/map_validator/functions.go:287.32,289.5 1 0
github.com/Rhyanz46/go-map-validator/map_validator/functions.go:290.4,291.18 2 0
github.com/Rhyanz46/go-map-validator/map_validator/functions.go:291.18,293.5 1 0
github.com/Rhyanz46/go-map-validator/map_validator/functions.go:294.4,294.33 1 0
github.com/Rhyanz46/go-map-validator/map_validator/functions.go:294.33,296.5 1 0
github.com/Rhyanz46/go-map-validator/map_validator/functions.go:297.4,297.24 1 0
github.com/Rhyanz46/go-map-validator/map_validator/functions.go:298.9,298.32 1 0
github.com/Rhyanz46/go-map-validator/map_validator/functions.go:298.32,300.4 1 0
github.com/Rhyanz46/go-map-validator/map_validator/functions.go:301.3,301.21 1 0
github.com/Rhyanz46/go-map-validator/map_validator/functions.go:304.2,304.83 1 1
github.com/Rhyanz46/go-map-validator/map_validator/functions.go:304.83,306.3 1 0
github.com/Rhyanz46/go-map-validator/map_validator/functions.go:308.2,308.41 1 1
github.com/Rhyanz46/go-map-validator/map_validator/functions.go:308.41,309.33 1 1
github.com/Rhyanz46/go-map-validator/map_validator/functions.go:309.33,310.78 1 1
github.com/Rhyanz46/go-map-validator/map_validator/functions.go:310.78,314.5 1 1
github.com/Rhyanz46/go-map-validator/map_validator/functions.go:315.9,315.41 1 0
github.com/Rhyanz46/go-map-validator/map_validator/functions.go:315.41,316.44 1 0
github.com/Rhyanz46/go-map-validator/map_validator/functions.go:316.44,320.5 1 0
github.com/Rhyanz46/go-map-validator/map_validator/functions.go:324.2,324.41 1 1
github.com/Rhyanz46/go-map-validator/map_validator/functions.go:324.41,325.33 1 1
github.com/Rhyanz46/go-map-validator/map_validator/functions.go:325.33,326.78 1 1
github.com/Rhyanz46/go-map-validator/map_validator/functions.go:326.78,330.5 1 1
github.com/Rhyanz46/go-map-validator/map_validator/functions.go:331.9,331.41 1 0
github.com/Rhyanz46/go-map-validator/map_validator/functions.go:331.41,332.44 1 0
github.com/Rhyanz46/go-map-validator/map_validator/functions.go:332.44,336.5 1 0
github.com/Rhyanz46/go-map-validator/map_validator/functions.go:340.2,340.18 1 1
github.com/Rhyanz46/go-map-validator/map_validator/functions.go:343.31,345.2 1 1
github.com/Rhyanz46/go-map-validator/map_validator/functions.go:347.37,347.52 1 0
github.com/Rhyanz46/go-map-validator/map_validator/functions.go:349.56,351.31 2 0
github.com/Rhyanz46/go-map-validator/map_validator/functions.go:351.31,352.51 1 0
github.com/Rhyanz46/go-map-validator/map_validator/functions.go:355.2,355.15 1 0
github.com/Rhyanz46/go-map-validator/map_validator/functions.go:355.15,357.3 1 0
github.com/Rhyanz46/go-map-validator/map_validator/functions.go:359.2,361.31 2 0
github.com/Rhyanz46/go-map-validator/map_validator/functions.go:361.31,363.3 1 0
github.com/Rhyanz46/go-map-validator/map_validator/functions.go:365.2,365.12 1 0
github.com/Rhyanz46/go-map-validator/map_validator/functions.go:368.100,370.14 2 0
github.com/Rhyanz46/go-map-validator/map_validator/functions.go:371.19,373.10 2 0
github.com/Rhyanz46/go-map-validator/map_validator/functions.go:373.10,375.4 1 0
github.com/Rhyanz46/go-map-validator/map_validator/functions.go:376.3,376.14 1 0
github.com/Rhyanz46/go-map-validator/map_validator/functions.go:376.14,378.4 1 0
github.com/Rhyanz46/go-map-validator/map_validator/functions.go:378.9,380.4 1 0
github.com/Rhyanz46/go-map-validator/map_validator/functions.go:381.20,383.10 2 0
github.com/Rhyanz46/go-map-validator/map_validator/functions.go:383.10,385.4 1 0
github.com/Rhyanz46/go-map-validator/map_validator/functions.go:386.3,386.14 1 0
github.com/Rhyanz46/go-map-validator/map_validator/functions.go:386.14,388.4 1 0
github.com/Rhyanz46/go-map-validator/map_validator/functions.go:388.9,390.4 1 0
github.com/Rhyanz46/go-map-validator/map_validator/functions.go:391.21,393.10 2 0
github.com/Rhyanz46/go-map-validator/map_validator/functions.go:393.10,395.4 1 0
github.com/Rhyanz46/go-map-validator/map_validator/functions.go:396.3,396.14 1 0
github.com/Rhyanz46/go-map-validator/map_validator/functions.go:396.14,398.4 1 0
github.com/Rhyanz46/go-map-validator/map_validator/functions.go:398.9,400.4 1 0
github.com/Rhyanz46/go-map-validator/map_validator/functions.go:401.21,403.10 2 0
github.com/Rhyanz46/go-map-validator/map_validator/functions.go:403.10,405.4 1 0
github.com/Rhyanz46/go-map-validator/map_validator/functions.go:406.3,406.14 1 0
github.com/Rhyanz46/go-map-validator/map_validator/functions.go:406.14,408.4 1 0
github.com/Rhyanz46/go-map-validator/map_validator/functions.go:408.9,410.4 1 0
github.com/Rhyanz46/go-map-validator/map_validator/functions.go:411.21,413.10 2 0
github.com/Rhyanz46/go-map-validator/map_validator/functions.go:413.10,415.4 1 0
github.com/Rhyanz46/go-map-validator/map_validator/functions.go:416.3,416.14 1 0
github.com/Rhyanz46/go-map-validator/map_validator/functions.go:416.14,418.4 1 0
github.com/Rhyanz46/go-map-validator/map_validator/functions.go:418.9,420.4 1 0
github.com/Rhyanz46/go-map-validator/map_validator/functions.go:421.20,423.10 2 0
github.com/Rhyanz46/go-map-validator/map_validator/functions.go:423.10,425.4 1 0
github.com/Rhyanz46/go-map-validator/map_validator/functions.go:426.3,426.14 1 0
github.com/Rhyanz46/go-map-validator/map_validator/functions.go:426.14,428.4 1 0
github.com/Rhyanz46/go-map-validator/map_validator/functions.go:428.9,430.4 1 0
github.com/Rhyanz46/go-map-validator/map_validator/functions.go:431.21,433.10 2 0
github.com/Rhyanz46/go-map-validator/map_validator/functions.go:433.10,435.4 1 0
github.com/Rhyanz46/go-map-validator/map_validator/functions.go:436.3,436.14 1 0
github.com/Rhyanz46/go-map-validator/map_validator/functions.go:436.14,438.4 1 0
github.com/Rhyanz46/go-map-validator/map_validator/functions.go:438.9,440.4 1 0
github.com/Rhyanz46/go-map-validator/map_validator/functions.go:441.22,443.10 2 0
github.com/Rhyanz46/go-map-validator/map_validator/functions.go:443.10,445.4 1 0
github.com/Rhyanz46/go-map-validator/map_validator/functions.go:446.3,446.14 1 0
github.com/Rhyanz46/go-map-validator/map_validator/functions.go:446.14,448.4 1 0
github.com/Rhyanz46/go-map-validator/map_validator/functions.go:448.9,450.4 1 0
github.com/Rhyanz46/go-map-validator/map_validator/functions.go:451.22,453.10 2 0
github.com/Rhyanz46/go-map-validator/map_validator/functions.go:453.10,455.4 1 0
github.com/Rhyanz46/go-map-validator/map_validator/functions.go:456.3,456.14 1 0
github.com/Rhyanz46/go-map-validator/map_validator/functions.go:456.14,458.4 1 0
github.com/Rhyanz46/go-map-validator/map_validator/functions.go:458.9,460.4 1 0
github.com/Rhyanz46/go-map-validator/map_validator/functions.go:461.22,463.10 2 0
github.com/Rhyanz46/go-map-validator/map_validator/functions.go:463.10,465.4 1 0
github.com/Rhyanz46/go-map-validator/map_validator/functions.go:466.3,466.14 1 0
github.com/Rhyanz46/go-map-validator/map_validator/functions.go:466.14,468.4 1 0
github.com/Rhyanz46/go-map-validator/map_validator/functions.go:468.9,470.4 1 0
github.com/Rhyanz46/go-map-validator/map_validator/functions.go:471.23,473.10 2 0
github.com/Rhyanz46/go-map-validator/map_validator/functions.go:473.10,475.4 1 0
github.com/Rhyanz46/go-map-validator/map_validator/functions.go:476.3,476.14 1 0
github.com/Rhyanz46/go-map-validator/map_validator/functions.go:476.14,478.4 1 0
github.com/Rhyanz46/go-map-validator/map_validator/functions.go:478.9,480.4 1 0
github.com/Rhyanz46/go-map-validator/map_validator/functions.go:481.23,483.10 2 0
github.com/Rhyanz46/go-map-validator/map_validator/functions.go:483.10,485.4 1 0
github.com/Rhyanz46/go-map-validator/map_validator/functions.go:486.3,486.14 1 0
github.com/Rhyanz46/go-map-validator/map_validator/functions.go:486.14,488.4 1 0
github.com/Rhyanz46/go-map-validator/map_validator/functions.go:488.9,490.4 1 0
github.com/Rhyanz46/go-map-validator/map_validator/functions.go:491.22,493.10 2 0
github.com/Rhyanz46/go-map-validator/map_validator/functions.go:493.10,495.4 1 0
github.com/Rhyanz46/go-map-validator/map_validator/functions.go:496.3,496.14 1 0
github.com/Rhyanz46/go-map-validator/map_validator/functions.go:496.14,498.4 1 0
github.com/Rhyanz46/go-map-validator/map_validator/functions.go:498.9,500.4 1 0
github.com/Rhyanz46/go-map-validator/map_validator/functions.go:501.20,503.10 2 0
github.com/Rhyanz46/go-map-validator/map_validator/functions.go:503.10,505.4 1 0
github.com/Rhyanz46/go-map-validator/map_validator/functions.go:506.3,506.14 1 0
github.com/Rhyanz46/go-map-validator/map_validator/functions.go:506.14,508.4 1 0
github.com/Rhyanz46/go-map-validator/map_validator/functions.go:508.9,510.4 1 0
github.com/Rhyanz46/go-map-validator/map_validator/functions.go:511.25,513.10 2 0
github.com/Rhyanz46/go-map-validator/map_validator/functions.go:513.10,515.4 1 0
github.com/Rhyanz46/go-map-validator/map_validator/functions.go:516.3,516.14 1 0
github.com/Rhyanz46/go-map-validator/map_validator/functions.go:516.14,518.4 1 0
github.com/Rhyanz46/go-map-validator/map_validator/functions.go:518.9,520.4 1 0
github.com/Rhyanz46/go-map-validator/map_validator/functions.go:521.26,523.10 2 0
github.com/Rhyanz46/go-map-validator/map_validator/functions.go:523.10,525.4 1 0
github.com/Rhyanz46/go-map-validator/map_validator/functions.go:526.3,526.14 1 0
github.com/Rhyanz46/go-map-validator/map_validator/functions.go:526.14,528.4 1 0
github.com/Rhyanz46/go-map-validator/map_validator/functions.go:528.9,530.4 1 0
github.com/Rhyanz46/go-map-validator/map_validator/functions.go:531.25,532.38 1 0
github.com/Rhyanz46/go-map-validator/map_validator/functions.go:533.10,534.23 1 0
github.com/Rhyanz46/go-map-validator/map_validator/functions.go:536.2,536.12 1 0
github.com/Rhyanz46/go-map-validator/map_validator/functions.go:539.70,540.27 1 0
github.com/Rhyanz46/go-map-validator/map_validator/functions.go:540.27,542.3 1 0
github.com/Rhyanz46/go-map-validator/map_validator/functions.go:543.2,543.8 1 0
github.com/Rhyanz46/go-map-validator/map_validator/functions.go:546.67,547.27 1 0
github.com/Rhyanz46/go-map-validator/map_validator/functions.go:547.27,548.17 1 0
github.com/Rhyanz46/go-map-validator/map_validator/functions.go:548.17,550.4 1 0
github.com/Rhyanz46/go-map-validator/map_validator/functions.go:552.2,552.8 1 0
github.com/Rhyanz46/go-map-validator/map_validator/functions.go:555.50,556.18 1 1
github.com/Rhyanz46/go-map-validator/map_validator/functions.go:560.52,561.14 1 1
github.com/Rhyanz46/go-map-validator/map_validator/functions.go:563.2,563.14 1 1
github.com/Rhyanz46/go-map-validator/map_validator/implements.go:11.38,13.2 1 0
github.com/Rhyanz46/go-map-validator/map_validator/implements.go:15.75,16.27 1 0
github.com/Rhyanz46/go-map-validator/map_validator/implements.go:16.27,17.33 1 0
github.com/Rhyanz46/go-map-validator/map_validator/implements.go:20.2,23.37 3 0
github.com/Rhyanz46/go-map-validator/map_validator/implements.go:23.37,26.3 2 0
github.com/Rhyanz46/go-map-validator/map_validator/implements.go:27.2,27.22 1 0
github.com/Rhyanz46/go-map-validator/map_validator/implements.go:27.22,29.3 1 0
github.com/Rhyanz46/go-map-validator/map_validator/implements.go:30.2,34.3 1 0
github.com/Rhyanz46/go-map-validator/map_validator/implements.go:37.49,40.2 2 0
github.com/Rhyanz46/go-map-validator/map_validator/implements.go:42.74,45.2 2 0
github.com/Rhyanz46/go-map-validator/map_validator/implements.go:47.76,50.35 3 0
github.com/Rhyanz46/go-map-validator/map_validator/implements.go:50.35,52.3 1 0
github.com/Rhyanz46/go-map-validator/map_validator/implements.go:53.2,53.27 1 0
github.com/Rhyanz46/go-map-validator/map_validator/implements.go:53.27,54.38 1 0
github.com/Rhyanz46/go-map-validator/map_validator/implements.go:54.38,56.4 1 0
github.com/Rhyanz46/go-map-validator/map_validator/implements.go:58.2,58.12 1 0
github.com/Rhyanz46/go-map-validator/map_validator/implements.go:60.84,61.30 1 0
github.com/Rhyanz46/go-map-validator/map_validator/implements.go:61.30,62.53 1 0
github.com/Rhyanz46/go-map-validator/map_validator/implements.go:62.53,64.4 1 0
github.com/Rhyanz46/go-map-validator/map_validator/implements.go:66.2,66.37 1 0
github.com/Rhyanz46/go-map-validator/map_validator/implements.go:66.37,68.17 2 0
github.com/Rhyanz46/go-map-validator/map_validator/implements.go:68.17,70.4 1 0
github.com/Rhyanz46/go-map-validator/map_validator/implements.go:72.2,72.37 1 0
github.com/Rhyanz46/go-map-validator/map_validator/implements.go:72.37,74.17 2 0
github.com/Rhyanz46/go-map-validator/map_validator/implements.go:74.17,76.4 1 0
github.com/Rhyanz46/go-map-validator/map_validator/implements.go:78.2,83.8 1 0
github.com/Rhyanz46/go-map-validator/map_validator/implements.go:86.80,87.18 1 0
github.com/Rhyanz46/go-map-validator/map_validator/implements.go:87.18,89.3 1 0
github.com/Rhyanz46/go-map-validator/map_validator/implements.go:90.2,90.14 1 0
github.com/Rhyanz46/go-map-validator/map_validator/implements.go:90.14,92.3 1 0
github.com/Rhyanz46/go-map-validator/map_validator/implements.go:93.2,93.37 1 0
github.com/Rhyanz46/go-map-validator/map_validator/implements.go:93.37,95.17 2 0
github.com/Rhyanz46/go-map-validator/map_validator/implements.go:95.17,97.4 1 0
github.com/Rhyanz46/go-map-validator/map_validator/implements.go:99.2,101.16 3 0
github.com/Rhyanz46/go-map-validator/map_validator/implements.go:101.16,102.27 1 0
github.com/Rhyanz46/go-map-validator/map_validator/implements.go:102.27,104.4 1 0
github.com/Rhyanz46/go-map-validator/map_validator/implements.go:105.3,105.41 1 0
github.com/Rhyanz46/go-map-validator/map_validator/implements.go:107.2,107.30 1 0
github.com/Rhyanz46/go-map-validator/map_validator/implements.go:107.30,108.56 1 0
github.com/Rhyanz46/go-map-validator/map_validator/implements.go:108.56,110.4 1 0
github.com/Rhyanz46/go-map-validator/map_validator/implements.go:112.2,112.37 1 0
github.com/Rhyanz46/go-map-validator/map_validator/implements.go:112.37,114.17 2 0
github.com/Rhyanz46/go-map-validator/map_validator/implements.go:114.17,116.4 1 0
github.com/Rhyanz46/go-map-validator/map_validator/implements.go:118.2,123.8 1 0
github.com/Rhyanz46/go-map-validator/map_validator/implements.go:126.80,127.18 1 0
github.com/Rhyanz46/go-map-validator/map_validator/implements.go:127.18,129.3 1 0
github.com/Rhyanz46/go-map-validator/map_validator/implements.go:130.2,130.14 1 0
github.com/Rhyanz46/go-map-validator/map_validator/implements.go:130.14,132.3 1 0
github.com/Rhyanz46/go-map-validator/map_validator/implements.go:133.2,133.37 1 0
github.com/Rhyanz46/go-map-validator/map_validator/implements.go:133.37,135.17 2 0
github.com/Rhyanz46/go-map-validator/map_validator/implements.go:135.17,137.4 1 0
github.com/Rhyanz46/go-map-validator/map_validator/implements.go:139.2,141.38 3 0
github.com/Rhyanz46/go-map-validator/map_validator/implements.go:141.38,143.16 2 0
github.com/Rhyanz46/go-map-validator/map_validator/implements.go:143.16,145.18 2 0
github.com/Rhyanz46/go-map-validator/map_validator/implements.go:145.18,147.5 1 0
github.com/Rhyanz46/go-map-validator/map_validator/implements.go:148.4,148.19 1 0
github.com/Rhyanz46/go-map-validator/map_validator/implements.go:148.19,150.5 1 0
github.com/Rhyanz46/go-map-validator/map_validator/implements.go:150.10,152.5 1 0
github.com/Rhyanz46/go-map-validator/map_validator/implements.go:153.9,154.40 1 0
github.com/Rhyanz46/go-map-validator/map_validator/implements.go:154.40,155.31 1 0
github.com/Rhyanz46/go-map-validator/map_validator/implements.go:155.31,157.11 2 0
github.com/Rhyanz46/go-map-validator/map_validator/implements.go:160.4,160.20 1 0
github.com/Rhyanz46/go-map-validator/map_validator/implements.go:160.20,162.5 1 0
github.com/Rhyanz46/go-map-validator/map_validator/implements.go:163.4,164.19 2 0
github.com/Rhyanz46/go-map-validator/map_validator/implements.go:164.19,166.5 1 0
github.com/Rhyanz46/go-map-validator/map_validator/implements.go:166.10,168.5 1 0
github.com/Rhyanz46/go-map-validator/map_validator/implements.go:171.2,171.30 1 0
github.com/Rhyanz46/go-map-validator/map_validator/implements.go:171.30,172.56 1 0
github.com/Rhyanz46/go-map-validator/map_validator/implements.go:172.56,174.4 1 0
github.com/Rhyanz46/go-map-validator/map_validator/implements.go:176.2,176.37 1 0
github.com/Rhyanz46/go-map-validator/map_validator/implements.go:176.37,178.17 2 0
github.com/Rhyanz46/go-map-validator/map_validator/implements.go:178.17,180.4 1 0
github.com/Rhyanz46/go-map-validator/map_validator/implements.go:182.2,187.8 1 0
github.com/Rhyanz46/go-map-validator/map_validator/implements.go:190.73,191.39 1 0
github.com/Rhyanz46/go-map-validator/map_validator/implements.go:191.39,193.3 1 0
github.com/Rhyanz46/go-map-validator/map_validator/implements.go:194.2,196.37 3 0
github.com/Rhyanz46/go-map-validator/map_validator/implements.go:196.37,198.17 2 0
github.com/Rhyanz46/go-map-validator/map_validator/implements.go:198.17,200.4 1 0
github.com/Rhyanz46/go-map-validator/map_validator/implements.go:202.2,202.48 1 0
github.com/Rhyanz46/go-map-validator/map_validator/implements.go:202.48,204.17 2 0
github.com/Rhyanz46/go-map-validator/map_validator/implements.go:204.17,206.4 1 0
github.com/Rhyanz46/go-map-validator/map_validator/implements.go:207.3,207.18 1 0
github.com/Rhyanz46/go-map-validator/map_validator/implements.go:207.18,209.4 1 0
github.com/Rhyanz46/go-map-validator/map_validator/implements.go:209.9,211.4 1 0
github.com/Rhyanz46/go-map-validator/map_validator/implements.go:213.2,220.37 2 0
github.com/Rhyanz46/go-map-validator/map_validator/implements.go:220.37,222.17 2 0
github.com/Rhyanz46/go-map-validator/map_validator/implements.go:222.17,224.4 1 0
github.com/Rhyanz46/go-map-validator/map_validator/implements.go:226.2,226.23 1 0
